<?xml version="1.0"?>
    <TestConfiguration>
    <DetailedConfiguration
        meshFolderPath="/path/to/folder"
        meshProjectFile="/path/to/file"
        testDataFile="/path/to/file"
        processorCount="5"
        >
    </DetailedConfiguration>

    </TestConfiguration>